<?xml version="1.0" encoding="UTF-8"?>
<testsuite name="br.com.zup.pix.endpoint.ListEndpointTest" tests="3" skipped="0" failures="0" errors="0" timestamp="2021-04-12T12:25:40" hostname="ZUP-2698" time="0.184">
  <properties/>
  <testcase name="should return an array filled with one response()" classname="br.com.zup.pix.endpoint.ListEndpointTest" time="0.16"/>
  <testcase name="should throw an error for blank client()" classname="br.com.zup.pix.endpoint.ListEndpointTest" time="0.01"/>
  <testcase name="should return an empty list()" classname="br.com.zup.pix.endpoint.ListEndpointTest" time="0.011"/>
  <system-out><![CDATA[?[36m09:25:40.439?[0;39m ?[1;30m[Test worker]?[0;39m ?[34mINFO ?[0;39m ?[35mi.m.context.env.DefaultEnvironment?[0;39m - Established active environments: [test]
?[36m09:25:40.470?[0;39m ?[1;30m[Test worker]?[0;39m ?[34mINFO ?[0;39m ?[35mcom.zaxxer.hikari.HikariDataSource?[0;39m - HikariPool-10 - Starting...
?[36m09:25:40.473?[0;39m ?[1;30m[Test worker]?[0;39m ?[34mINFO ?[0;39m ?[35mcom.zaxxer.hikari.HikariDataSource?[0;39m - HikariPool-10 - Start completed.
?[36m09:25:40.486?[0;39m ?[1;30m[Test worker]?[0;39m ?[34mINFO ?[0;39m ?[35morg.hibernate.dialect.Dialect?[0;39m - HHH000400: Using dialect: org.hibernate.dialect.H2Dialect
?[36m09:25:40.765?[0;39m ?[1;30m[Test worker]?[0;39m ?[34mINFO ?[0;39m ?[35mcom.zaxxer.hikari.HikariDataSource?[0;39m - HikariPool-10 - Shutdown initiated...
?[36m09:25:40.767?[0;39m ?[1;30m[Test worker]?[0;39m ?[34mINFO ?[0;39m ?[35mcom.zaxxer.hikari.HikariDataSource?[0;39m - HikariPool-10 - Shutdown completed.
]]></system-out>
  <system-err><![CDATA[]]></system-err>
</testsuite>
