<?xml version="1.0" encoding="UTF-8"?>
<testsuite name="br.com.zup.utils.AccountTypeValidatorTest" tests="1" skipped="0" failures="0" errors="0" timestamp="2021-04-12T12:25:35" hostname="ZUP-2698" time="0.097">
  <properties/>
  <testcase name="should return a error message()" classname="br.com.zup.utils.AccountTypeValidatorTest" time="0.097"/>
  <system-out><![CDATA[?[36m09:25:31.546?[0;39m ?[1;30m[Test worker]?[0;39m ?[34mINFO ?[0;39m ?[35mi.m.context.env.DefaultEnvironment?[0;39m - Established active environments: [test]
?[36m09:25:33.464?[0;39m ?[1;30m[Test worker]?[0;39m ?[34mINFO ?[0;39m ?[35mcom.zaxxer.hikari.HikariDataSource?[0;39m - HikariPool-1 - Starting...
?[36m09:25:33.954?[0;39m ?[1;30m[Test worker]?[0;39m ?[34mINFO ?[0;39m ?[35mcom.zaxxer.hikari.HikariDataSource?[0;39m - HikariPool-1 - Start completed.
?[36m09:25:34.004?[0;39m ?[1;30m[Test worker]?[0;39m ?[34mINFO ?[0;39m ?[35morg.hibernate.Version?[0;39m - HHH000412: Hibernate ORM core version 5.4.24.Final
?[36m09:25:34.226?[0;39m ?[1;30m[Test worker]?[0;39m ?[34mINFO ?[0;39m ?[35mo.h.annotations.common.Version?[0;39m - HCANN000001: Hibernate Commons Annotations {5.1.2.Final}
?[36m09:25:34.430?[0;39m ?[1;30m[Test worker]?[0;39m ?[34mINFO ?[0;39m ?[35morg.hibernate.dialect.Dialect?[0;39m - HHH000400: Using dialect: org.hibernate.dialect.H2Dialect
?[36m09:25:35.903?[0;39m ?[1;30m[Test worker]?[0;39m ?[34mINFO ?[0;39m ?[35mcom.zaxxer.hikari.HikariDataSource?[0;39m - HikariPool-1 - Shutdown initiated...
?[36m09:25:35.907?[0;39m ?[1;30m[Test worker]?[0;39m ?[34mINFO ?[0;39m ?[35mcom.zaxxer.hikari.HikariDataSource?[0;39m - HikariPool-1 - Shutdown completed.
]]></system-out>
  <system-err><![CDATA[[2021.04.12 09:25:32] (Coverage): Error during class instrumentation: io.micronaut.configuration.jdbc.hikari.DatasourceFactory: java.lang.RuntimeException: java.io.IOException: Class io/micrometer/core/instrument/MeterRegistry not found
]]></system-err>
</testsuite>
