<?xml version="1.0" encoding="UTF-8"?>
<testsuite name="br.com.zup.pix.endpoint.ExternEndpointTest" tests="1" skipped="0" failures="0" errors="0" timestamp="2021-04-12T12:25:39" hostname="ZUP-2698" time="0.148">
  <properties/>
  <testcase name="should retrieve some registered pix from external api()" classname="br.com.zup.pix.endpoint.ExternEndpointTest" time="0.148"/>
  <system-out><![CDATA[?[36m09:25:39.675?[0;39m ?[1;30m[Test worker]?[0;39m ?[34mINFO ?[0;39m ?[35mi.m.context.env.DefaultEnvironment?[0;39m - Established active environments: [test]
?[36m09:25:39.712?[0;39m ?[1;30m[Test worker]?[0;39m ?[34mINFO ?[0;39m ?[35mcom.zaxxer.hikari.HikariDataSource?[0;39m - HikariPool-8 - Starting...
?[36m09:25:39.715?[0;39m ?[1;30m[Test worker]?[0;39m ?[34mINFO ?[0;39m ?[35mcom.zaxxer.hikari.HikariDataSource?[0;39m - HikariPool-8 - Start completed.
?[36m09:25:39.728?[0;39m ?[1;30m[Test worker]?[0;39m ?[34mINFO ?[0;39m ?[35morg.hibernate.dialect.Dialect?[0;39m - HHH000400: Using dialect: org.hibernate.dialect.H2Dialect
?[36m09:25:39.999?[0;39m ?[1;30m[Test worker]?[0;39m ?[34mINFO ?[0;39m ?[35mcom.zaxxer.hikari.HikariDataSource?[0;39m - HikariPool-8 - Shutdown initiated...
?[36m09:25:40.000?[0;39m ?[1;30m[Test worker]?[0;39m ?[34mINFO ?[0;39m ?[35mcom.zaxxer.hikari.HikariDataSource?[0;39m - HikariPool-8 - Shutdown completed.
]]></system-out>
  <system-err><![CDATA[]]></system-err>
</testsuite>
