<?xml version="1.0" encoding="UTF-8"?>
<testsuite name="br.com.zup.pix.service.RetrieveServiceTest" tests="2" skipped="0" failures="0" errors="0" timestamp="2021-04-12T12:25:37" hostname="ZUP-2698" time="1.822">
  <properties/>
  <testcase name="should throw a validation error()" classname="br.com.zup.pix.service.RetrieveServiceTest" time="0.017"/>
  <testcase name="should return an obj fulfilled()" classname="br.com.zup.pix.service.RetrieveServiceTest" time="1.803"/>
  <system-out><![CDATA[?[36m09:25:37.202?[0;39m ?[1;30m[Test worker]?[0;39m ?[34mINFO ?[0;39m ?[35mi.m.context.env.DefaultEnvironment?[0;39m - Established active environments: [test]
?[36m09:25:37.249?[0;39m ?[1;30m[Test worker]?[0;39m ?[34mINFO ?[0;39m ?[35mcom.zaxxer.hikari.HikariDataSource?[0;39m - HikariPool-6 - Starting...
?[36m09:25:37.252?[0;39m ?[1;30m[Test worker]?[0;39m ?[34mINFO ?[0;39m ?[35mcom.zaxxer.hikari.HikariDataSource?[0;39m - HikariPool-6 - Start completed.
?[36m09:25:37.265?[0;39m ?[1;30m[Test worker]?[0;39m ?[34mINFO ?[0;39m ?[35morg.hibernate.dialect.Dialect?[0;39m - HHH000400: Using dialect: org.hibernate.dialect.H2Dialect
?[36m09:25:39.319?[0;39m ?[1;30m[Test worker]?[0;39m ?[34mINFO ?[0;39m ?[35mcom.zaxxer.hikari.HikariDataSource?[0;39m - HikariPool-6 - Shutdown initiated...
?[36m09:25:39.321?[0;39m ?[1;30m[Test worker]?[0;39m ?[34mINFO ?[0;39m ?[35mcom.zaxxer.hikari.HikariDataSource?[0;39m - HikariPool-6 - Shutdown completed.
]]></system-out>
  <system-err><![CDATA[]]></system-err>
</testsuite>
