<?xml version="1.0" encoding="UTF-8"?>
<testsuite name="br.com.zup.pix.endpoint.RetrieveEndpointTest" tests="5" skipped="0" failures="0" errors="0" timestamp="2021-04-12T12:25:40" hostname="ZUP-2698" time="0.284">
  <properties/>
  <testcase name="should throw an error for pix not match client()" classname="br.com.zup.pix.endpoint.RetrieveEndpointTest" time="0.147"/>
  <testcase name="should throw an error not found()" classname="br.com.zup.pix.endpoint.RetrieveEndpointTest" time="0.011"/>
  <testcase name="should throw an error by invalid obj()" classname="br.com.zup.pix.endpoint.RetrieveEndpointTest" time="0.006"/>
  <testcase name="should retrieve some registered pix()" classname="br.com.zup.pix.endpoint.RetrieveEndpointTest" time="0.093"/>
  <testcase name="should throw an error from bcb api()" classname="br.com.zup.pix.endpoint.RetrieveEndpointTest" time="0.02"/>
  <system-out><![CDATA[?[36m09:25:40.004?[0;39m ?[1;30m[Test worker]?[0;39m ?[34mINFO ?[0;39m ?[35mi.m.context.env.DefaultEnvironment?[0;39m - Established active environments: [test]
?[36m09:25:40.036?[0;39m ?[1;30m[Test worker]?[0;39m ?[34mINFO ?[0;39m ?[35mcom.zaxxer.hikari.HikariDataSource?[0;39m - HikariPool-9 - Starting...
?[36m09:25:40.040?[0;39m ?[1;30m[Test worker]?[0;39m ?[34mINFO ?[0;39m ?[35mcom.zaxxer.hikari.HikariDataSource?[0;39m - HikariPool-9 - Start completed.
?[36m09:25:40.052?[0;39m ?[1;30m[Test worker]?[0;39m ?[34mINFO ?[0;39m ?[35morg.hibernate.dialect.Dialect?[0;39m - HHH000400: Using dialect: org.hibernate.dialect.H2Dialect
?[36m09:25:40.434?[0;39m ?[1;30m[Test worker]?[0;39m ?[34mINFO ?[0;39m ?[35mcom.zaxxer.hikari.HikariDataSource?[0;39m - HikariPool-9 - Shutdown initiated...
?[36m09:25:40.436?[0;39m ?[1;30m[Test worker]?[0;39m ?[34mINFO ?[0;39m ?[35mcom.zaxxer.hikari.HikariDataSource?[0;39m - HikariPool-9 - Shutdown completed.
]]></system-out>
  <system-err><![CDATA[]]></system-err>
</testsuite>
