<?xml version="1.0" encoding="UTF-8"?>
<testsuite name="br.com.zup.KeymgrTest" tests="1" skipped="0" failures="0" errors="0" timestamp="2021-04-12T12:25:37" hostname="ZUP-2698" time="0.004">
  <properties/>
  <testcase name="testItWorks()" classname="br.com.zup.KeymgrTest" time="0.004"/>
  <system-out><![CDATA[?[36m09:25:36.971?[0;39m ?[1;30m[Test worker]?[0;39m ?[34mINFO ?[0;39m ?[35mi.m.context.env.DefaultEnvironment?[0;39m - Established active environments: [test]
?[36m09:25:37.017?[0;39m ?[1;30m[Test worker]?[0;39m ?[34mINFO ?[0;39m ?[35mcom.zaxxer.hikari.HikariDataSource?[0;39m - HikariPool-5 - Starting...
?[36m09:25:37.023?[0;39m ?[1;30m[Test worker]?[0;39m ?[34mINFO ?[0;39m ?[35mcom.zaxxer.hikari.HikariDataSource?[0;39m - HikariPool-5 - Start completed.
?[36m09:25:37.048?[0;39m ?[1;30m[Test worker]?[0;39m ?[34mINFO ?[0;39m ?[35morg.hibernate.dialect.Dialect?[0;39m - HHH000400: Using dialect: org.hibernate.dialect.H2Dialect
?[36m09:25:37.196?[0;39m ?[1;30m[Test worker]?[0;39m ?[34mINFO ?[0;39m ?[35mcom.zaxxer.hikari.HikariDataSource?[0;39m - HikariPool-5 - Shutdown initiated...
?[36m09:25:37.197?[0;39m ?[1;30m[Test worker]?[0;39m ?[34mINFO ?[0;39m ?[35mcom.zaxxer.hikari.HikariDataSource?[0;39m - HikariPool-5 - Shutdown completed.
]]></system-out>
  <system-err><![CDATA[]]></system-err>
</testsuite>
