<?xml version="1.0" encoding="UTF-8"?>
<testsuite name="br.com.zup.pix.endpoint.RemoveEndpointTest" tests="3" skipped="0" failures="0" errors="0" timestamp="2021-04-12T12:25:39" hostname="ZUP-2698" time="0.192">
  <properties/>
  <testcase name="should delete a registered pix key()" classname="br.com.zup.pix.endpoint.RemoveEndpointTest" time="0.14"/>
  <testcase name="should throw and error with key not in bcb()" classname="br.com.zup.pix.endpoint.RemoveEndpointTest" time="0.037"/>
  <testcase name="should throw an error with wrong pix()" classname="br.com.zup.pix.endpoint.RemoveEndpointTest" time="0.012"/>
  <system-out><![CDATA[?[36m09:25:39.323?[0;39m ?[1;30m[Test worker]?[0;39m ?[34mINFO ?[0;39m ?[35mi.m.context.env.DefaultEnvironment?[0;39m - Established active environments: [test]
?[36m09:25:39.356?[0;39m ?[1;30m[Test worker]?[0;39m ?[34mINFO ?[0;39m ?[35mcom.zaxxer.hikari.HikariDataSource?[0;39m - HikariPool-7 - Starting...
?[36m09:25:39.359?[0;39m ?[1;30m[Test worker]?[0;39m ?[34mINFO ?[0;39m ?[35mcom.zaxxer.hikari.HikariDataSource?[0;39m - HikariPool-7 - Start completed.
?[36m09:25:39.371?[0;39m ?[1;30m[Test worker]?[0;39m ?[34mINFO ?[0;39m ?[35morg.hibernate.dialect.Dialect?[0;39m - HHH000400: Using dialect: org.hibernate.dialect.H2Dialect
?[36m09:25:39.669?[0;39m ?[1;30m[Test worker]?[0;39m ?[34mINFO ?[0;39m ?[35mcom.zaxxer.hikari.HikariDataSource?[0;39m - HikariPool-7 - Shutdown initiated...
?[36m09:25:39.671?[0;39m ?[1;30m[Test worker]?[0;39m ?[34mINFO ?[0;39m ?[35mcom.zaxxer.hikari.HikariDataSource?[0;39m - HikariPool-7 - Shutdown completed.
]]></system-out>
  <system-err><![CDATA[]]></system-err>
</testsuite>
