<?xml version="1.0" encoding="UTF-8"?>
<testsuite name="br.com.zup.repository.PixRepositoryTest" tests="2" skipped="0" failures="0" errors="0" timestamp="2021-04-12T12:25:36" hostname="ZUP-2698" time="0.273">
  <properties/>
  <testcase name="should delete a existing key()" classname="br.com.zup.repository.PixRepositoryTest" time="0.17"/>
  <testcase name="should register a new key()" classname="br.com.zup.repository.PixRepositoryTest" time="0.101"/>
  <system-out><![CDATA[?[36m09:25:36.500?[0;39m ?[1;30m[Test worker]?[0;39m ?[34mINFO ?[0;39m ?[35mi.m.context.env.DefaultEnvironment?[0;39m - Established active environments: [test]
?[36m09:25:36.546?[0;39m ?[1;30m[Test worker]?[0;39m ?[34mINFO ?[0;39m ?[35mcom.zaxxer.hikari.HikariDataSource?[0;39m - HikariPool-4 - Starting...
?[36m09:25:36.550?[0;39m ?[1;30m[Test worker]?[0;39m ?[34mINFO ?[0;39m ?[35mcom.zaxxer.hikari.HikariDataSource?[0;39m - HikariPool-4 - Start completed.
?[36m09:25:36.572?[0;39m ?[1;30m[Test worker]?[0;39m ?[34mINFO ?[0;39m ?[35morg.hibernate.dialect.Dialect?[0;39m - HHH000400: Using dialect: org.hibernate.dialect.H2Dialect
?[36m09:25:36.963?[0;39m ?[1;30m[Test worker]?[0;39m ?[34mINFO ?[0;39m ?[35mcom.zaxxer.hikari.HikariDataSource?[0;39m - HikariPool-4 - Shutdown initiated...
?[36m09:25:36.967?[0;39m ?[1;30m[Test worker]?[0;39m ?[34mINFO ?[0;39m ?[35mcom.zaxxer.hikari.HikariDataSource?[0;39m - HikariPool-4 - Shutdown completed.
]]></system-out>
  <system-err><![CDATA[]]></system-err>
</testsuite>
