<?xml version="1.0" encoding="UTF-8"?>
<testsuite name="br.com.zup.utils.ExtensionsTest" tests="2" skipped="0" failures="0" errors="0" timestamp="2021-04-12T12:25:36" hostname="ZUP-2698" time="0.013">
  <properties/>
  <testcase name="is enum readable()" classname="br.com.zup.utils.ExtensionsTest" time="0.002"/>
  <testcase name="should transform request in validated object()" classname="br.com.zup.utils.ExtensionsTest" time="0.01"/>
  <system-out><![CDATA[?[36m09:25:36.250?[0;39m ?[1;30m[Test worker]?[0;39m ?[34mINFO ?[0;39m ?[35mi.m.context.env.DefaultEnvironment?[0;39m - Established active environments: [test]
?[36m09:25:36.294?[0;39m ?[1;30m[Test worker]?[0;39m ?[34mINFO ?[0;39m ?[35mcom.zaxxer.hikari.HikariDataSource?[0;39m - HikariPool-3 - Starting...
?[36m09:25:36.298?[0;39m ?[1;30m[Test worker]?[0;39m ?[34mINFO ?[0;39m ?[35mcom.zaxxer.hikari.HikariDataSource?[0;39m - HikariPool-3 - Start completed.
?[36m09:25:36.315?[0;39m ?[1;30m[Test worker]?[0;39m ?[34mINFO ?[0;39m ?[35morg.hibernate.dialect.Dialect?[0;39m - HHH000400: Using dialect: org.hibernate.dialect.H2Dialect
?[36m09:25:36.494?[0;39m ?[1;30m[Test worker]?[0;39m ?[34mINFO ?[0;39m ?[35mcom.zaxxer.hikari.HikariDataSource?[0;39m - HikariPool-3 - Shutdown initiated...
?[36m09:25:36.496?[0;39m ?[1;30m[Test worker]?[0;39m ?[34mINFO ?[0;39m ?[35mcom.zaxxer.hikari.HikariDataSource?[0;39m - HikariPool-3 - Shutdown completed.
]]></system-out>
  <system-err><![CDATA[]]></system-err>
</testsuite>
